package configuration for openssl
cflags: -I/opt/local/include  
ldflags: -L/opt/local/lib
libs: -lssl -lcrypto  

have_library: checking for main() in -lcrypto... -------------------- yes

"gcc -o conftest -I../../../.ext/include/x86_64-darwin11.3.0 -I../../.././include -I../../.././ext/digest/sha2 -I../../.././ext/digest/sha2/.. -I'/Users/tim/.rbenv/versions/1.9.3-libbug/include'  -D_XOPEN_SOURCE -D_DARWIN_C_SOURCE  -I'/Users/tim/.rbenv/versions/1.9.3-libbug/include'   -O3 -ggdb -Wextra -Wno-unused-parameter -Wno-parentheses -Wno-long-long -Wno-missing-field-initializers -Wpointer-arith -Wwrite-strings -Wdeclaration-after-statement -Wshorten-64-to-32 -Wimplicit-function-declaration  -pipe -I/opt/local/include   conftest.c  -L. -L../../.. -L. -L'/Users/tim/.rbenv/versions/1.9.3-libbug/lib'  -L/usr/local/lib -L/opt/local/lib     -lssl -lcrypto   -lruby-static -lcrypto  -lssl -lcrypto   -lpthread -ldl -lobjc "
ld: warning: directory not found for option '-L/Users/tim/.rbenv/versions/1.9.3-libbug/lib'
checked program was:
/* begin */
1: #include "ruby.h"
2: 
3: /*top*/
4: int main() {return 0;}
5: extern int t(void);
6: int t(void) { void ((*volatile p)()); p = (void ((*)()))main; return 0; }
/* end */

--------------------

have_func: checking for SHA256_Transform() in openssl/sha.h... -------------------- yes

"gcc -o conftest -I../../../.ext/include/x86_64-darwin11.3.0 -I../../.././include -I../../.././ext/digest/sha2 -I../../.././ext/digest/sha2/.. -I'/Users/tim/.rbenv/versions/1.9.3-libbug/include'  -D_XOPEN_SOURCE -D_DARWIN_C_SOURCE  -I'/Users/tim/.rbenv/versions/1.9.3-libbug/include'   -O3 -ggdb -Wextra -Wno-unused-parameter -Wno-parentheses -Wno-long-long -Wno-missing-field-initializers -Wpointer-arith -Wwrite-strings -Wdeclaration-after-statement -Wshorten-64-to-32 -Wimplicit-function-declaration  -pipe -I/opt/local/include   conftest.c  -L. -L../../.. -L. -L'/Users/tim/.rbenv/versions/1.9.3-libbug/lib'  -L/usr/local/lib -L/opt/local/lib    -lcrypto  -lssl -lcrypto   -lruby-static -lcrypto  -lssl -lcrypto   -lpthread -ldl -lobjc "
ld: warning: directory not found for option '-L/Users/tim/.rbenv/versions/1.9.3-libbug/lib'
checked program was:
/* begin */
1: #include "ruby.h"
2: 
3: #include <openssl/sha.h>
4: 
5: /*top*/
6: int main() {return 0;}
7: extern int t(void);
8: int t(void) { void ((*volatile p)()); p = (void ((*)()))SHA256_Transform; return 0; }
/* end */

--------------------

have_func: checking for SHA512_Transform() in openssl/sha.h... -------------------- yes

"gcc -o conftest -I../../../.ext/include/x86_64-darwin11.3.0 -I../../.././include -I../../.././ext/digest/sha2 -I../../.././ext/digest/sha2/.. -I'/Users/tim/.rbenv/versions/1.9.3-libbug/include'  -D_XOPEN_SOURCE -D_DARWIN_C_SOURCE  -I'/Users/tim/.rbenv/versions/1.9.3-libbug/include'   -O3 -ggdb -Wextra -Wno-unused-parameter -Wno-parentheses -Wno-long-long -Wno-missing-field-initializers -Wpointer-arith -Wwrite-strings -Wdeclaration-after-statement -Wshorten-64-to-32 -Wimplicit-function-declaration  -pipe -I/opt/local/include   conftest.c  -L. -L../../.. -L. -L'/Users/tim/.rbenv/versions/1.9.3-libbug/lib'  -L/usr/local/lib -L/opt/local/lib    -lcrypto  -lssl -lcrypto   -lruby-static -lcrypto  -lssl -lcrypto   -lpthread -ldl -lobjc "
ld: warning: directory not found for option '-L/Users/tim/.rbenv/versions/1.9.3-libbug/lib'
checked program was:
/* begin */
1: #include "ruby.h"
2: 
3: #include <openssl/sha.h>
4: 
5: /*top*/
6: int main() {return 0;}
7: extern int t(void);
8: int t(void) { void ((*volatile p)()); p = (void ((*)()))SHA512_Transform; return 0; }
/* end */

--------------------

have_type: checking for SHA256_CTX in openssl/sha.h... -------------------- yes

"gcc -I../../../.ext/include/x86_64-darwin11.3.0 -I../../.././include -I../../.././ext/digest/sha2 -I../../.././ext/digest/sha2/.. -I'/Users/tim/.rbenv/versions/1.9.3-libbug/include'  -D_XOPEN_SOURCE -D_DARWIN_C_SOURCE  -I'/Users/tim/.rbenv/versions/1.9.3-libbug/include'   -O3 -ggdb -Wextra -Wno-unused-parameter -Wno-parentheses -Wno-long-long -Wno-missing-field-initializers -Wpointer-arith -Wwrite-strings -Wdeclaration-after-statement -Wshorten-64-to-32 -Wimplicit-function-declaration  -pipe -I/opt/local/include     -c conftest.c"
checked program was:
/* begin */
1: #include "ruby.h"
2: 
3: #include <openssl/sha.h>
4: 
5: /*top*/
6: typedef SHA256_CTX conftest_type;
7: int conftestval[sizeof(conftest_type)?1:-1];
/* end */

--------------------

have_type: checking for SHA512_CTX in openssl/sha.h... -------------------- yes

"gcc -I../../../.ext/include/x86_64-darwin11.3.0 -I../../.././include -I../../.././ext/digest/sha2 -I../../.././ext/digest/sha2/.. -I'/Users/tim/.rbenv/versions/1.9.3-libbug/include'  -D_XOPEN_SOURCE -D_DARWIN_C_SOURCE  -I'/Users/tim/.rbenv/versions/1.9.3-libbug/include'   -O3 -ggdb -Wextra -Wno-unused-parameter -Wno-parentheses -Wno-long-long -Wno-missing-field-initializers -Wpointer-arith -Wwrite-strings -Wdeclaration-after-statement -Wshorten-64-to-32 -Wimplicit-function-declaration  -pipe -I/opt/local/include     -c conftest.c"
checked program was:
/* begin */
1: #include "ruby.h"
2: 
3: #include <openssl/sha.h>
4: 
5: /*top*/
6: typedef SHA512_CTX conftest_type;
7: int conftestval[sizeof(conftest_type)?1:-1];
/* end */

--------------------

have_header: checking for sys/cdefs.h... -------------------- yes

"gcc -E -I../../../.ext/include/x86_64-darwin11.3.0 -I../../.././include -I../../.././ext/digest/sha2 -I../../.././ext/digest/sha2/.. -I'/Users/tim/.rbenv/versions/1.9.3-libbug/include'  -D_XOPEN_SOURCE -D_DARWIN_C_SOURCE  -I'/Users/tim/.rbenv/versions/1.9.3-libbug/include'   -O3 -ggdb -Wextra -Wno-unused-parameter -Wno-parentheses -Wno-long-long -Wno-missing-field-initializers -Wpointer-arith -Wwrite-strings -Wdeclaration-after-statement -Wshorten-64-to-32 -Wimplicit-function-declaration  -pipe -I/opt/local/include    conftest.c -o conftest.i"
checked program was:
/* begin */
1: #include "ruby.h"
2: 
3: #include <sys/cdefs.h>
/* end */

--------------------

have_type: checking for uint64_t in defs.h with -DHAVE_CONFIG_H -DHAVE_SHA256_TRANSFORM -DHAVE_SHA512_TRANSFORM -DHAVE_TYPE_SHA256_CTX -DHAVE_TYPE_SHA512_CTX -DSHA2_USE_OPENSSL -DHAVE_SYS_CDEFS_H... -------------------- yes

"gcc -I../../../.ext/include/x86_64-darwin11.3.0 -I../../.././include -I../../.././ext/digest/sha2 -I../../.././ext/digest/sha2/.. -I'/Users/tim/.rbenv/versions/1.9.3-libbug/include'  -D_XOPEN_SOURCE -D_DARWIN_C_SOURCE  -I'/Users/tim/.rbenv/versions/1.9.3-libbug/include'   -O3 -ggdb -Wextra -Wno-unused-parameter -Wno-parentheses -Wno-long-long -Wno-missing-field-initializers -Wpointer-arith -Wwrite-strings -Wdeclaration-after-statement -Wshorten-64-to-32 -Wimplicit-function-declaration  -pipe -I/opt/local/include    -DHAVE_CONFIG_H -DHAVE_SHA256_TRANSFORM -DHAVE_SHA512_TRANSFORM -DHAVE_TYPE_SHA256_CTX -DHAVE_TYPE_SHA512_CTX -DSHA2_USE_OPENSSL -DHAVE_SYS_CDEFS_H -c conftest.c"
checked program was:
/* begin */
1: #include "ruby.h"
2: 
3: #include <defs.h>
4: 
5: /*top*/
6: typedef uint64_t conftest_type;
7: int conftestval[sizeof(conftest_type)?1:-1];
/* end */

--------------------

extconf.h is:
/* begin */
 1: #ifndef EXTCONF_H
 2: #define EXTCONF_H
 3: #define HAVE_CONFIG_H 1
 4: #define HAVE_SHA256_TRANSFORM 1
 5: #define HAVE_SHA512_TRANSFORM 1
 6: #define HAVE_TYPE_SHA256_CTX 1
 7: #define HAVE_TYPE_SHA512_CTX 1
 8: #define SHA2_USE_OPENSSL 1
 9: #define HAVE_SYS_CDEFS_H 1
10: #define HAVE_TYPE_UINT64_T 1
11: #endif
/* end */

