find_header: checking for yaml.h... -------------------- yes

"gcc -E -I../../.ext/include/x86_64-darwin11.3.0 -I../.././include -I../.././ext/psych -I'/Users/tim/.rbenv/versions/1.9.3-probes/include'  -D_XOPEN_SOURCE -D_DARWIN_C_SOURCE  -I'/Users/tim/.rbenv/versions/1.9.3-probes/include'   -O3 -ggdb -Wextra -Wno-unused-parameter -Wno-parentheses -Wno-long-long -Wno-missing-field-initializers -Wpointer-arith -Wwrite-strings -Wdeclaration-after-statement -Wshorten-64-to-32 -Wimplicit-function-declaration  -pipe  conftest.c -o conftest.i"
checked program was:
/* begin */
1: #include "ruby.h"
2: 
3: #include <yaml.h>
/* end */

--------------------

find_library: checking for yaml_get_version() in -lyaml... -------------------- yes

"gcc -o conftest -I../../.ext/include/x86_64-darwin11.3.0 -I../.././include -I../.././ext/psych -I'/Users/tim/.rbenv/versions/1.9.3-probes/include'  -D_XOPEN_SOURCE -D_DARWIN_C_SOURCE  -I'/Users/tim/.rbenv/versions/1.9.3-probes/include'   -O3 -ggdb -Wextra -Wno-unused-parameter -Wno-parentheses -Wno-long-long -Wno-missing-field-initializers -Wpointer-arith -Wwrite-strings -Wdeclaration-after-statement -Wshorten-64-to-32 -Wimplicit-function-declaration  -pipe conftest.c  -L. -L../.. -L. -L'/Users/tim/.rbenv/versions/1.9.3-probes/lib'  -L/usr/local/lib     -lruby-static -lyaml  -lpthread -ldl -lobjc "
conftest.c: In function ‘t’:
conftest.c:6: error: ‘yaml_get_version’ undeclared (first use in this function)
conftest.c:6: error: (Each undeclared identifier is reported only once
conftest.c:6: error: for each function it appears in.)
checked program was:
/* begin */
1: #include "ruby.h"
2: 
3: /*top*/
4: int main() {return 0;}
5: extern int t(void);
6: int t(void) { void ((*volatile p)()); p = (void ((*)()))yaml_get_version; return 0; }
/* end */

"gcc -o conftest -I../../.ext/include/x86_64-darwin11.3.0 -I../.././include -I../.././ext/psych -I'/Users/tim/.rbenv/versions/1.9.3-probes/include'  -D_XOPEN_SOURCE -D_DARWIN_C_SOURCE  -I'/Users/tim/.rbenv/versions/1.9.3-probes/include'   -O3 -ggdb -Wextra -Wno-unused-parameter -Wno-parentheses -Wno-long-long -Wno-missing-field-initializers -Wpointer-arith -Wwrite-strings -Wdeclaration-after-statement -Wshorten-64-to-32 -Wimplicit-function-declaration  -pipe conftest.c  -L. -L../.. -L. -L'/Users/tim/.rbenv/versions/1.9.3-probes/lib'  -L/usr/local/lib     -lruby-static -lyaml  -lpthread -ldl -lobjc "
conftest.c: In function ‘t’:
conftest.c:6: warning: implicit declaration of function ‘yaml_get_version’
checked program was:
/* begin */
1: #include "ruby.h"
2: 
3: /*top*/
4: int main() {return 0;}
5: extern int t(void);
6: int t(void) { yaml_get_version(); return 0; }
/* end */

--------------------

extconf.h is:
/* begin */
1: #ifndef EXTCONF_H
2: #define EXTCONF_H
3: #endif
/* end */

