have_header: checking for ruby/re.h... -------------------- yes

"gcc -E -I../../../.ext/include/x86_64-darwin11.3.0 -I../../.././include -I../../.././ext/json/parser -I'/Users/tim/.rbenv/versions/1.9.3-probes/include'  -D_XOPEN_SOURCE -D_DARWIN_C_SOURCE  -I'/Users/tim/.rbenv/versions/1.9.3-probes/include'   -O3 -ggdb -Wextra -Wno-unused-parameter -Wno-parentheses -Wno-long-long -Wno-missing-field-initializers -Wpointer-arith -Wwrite-strings -Wdeclaration-after-statement -Wshorten-64-to-32 -Wimplicit-function-declaration  -pipe  conftest.c -o conftest.i"
checked program was:
/* begin */
1: #include "ruby.h"
2: 
3: #include <ruby/re.h>
/* end */

--------------------

have_header: checking for ruby/encoding.h... -------------------- yes

"gcc -E -I../../../.ext/include/x86_64-darwin11.3.0 -I../../.././include -I../../.././ext/json/parser -I'/Users/tim/.rbenv/versions/1.9.3-probes/include'  -D_XOPEN_SOURCE -D_DARWIN_C_SOURCE  -I'/Users/tim/.rbenv/versions/1.9.3-probes/include'   -O3 -ggdb -Wextra -Wno-unused-parameter -Wno-parentheses -Wno-long-long -Wno-missing-field-initializers -Wpointer-arith -Wwrite-strings -Wdeclaration-after-statement -Wshorten-64-to-32 -Wimplicit-function-declaration  -pipe  conftest.c -o conftest.i"
checked program was:
/* begin */
1: #include "ruby.h"
2: 
3: #include <ruby/encoding.h>
/* end */

--------------------

extconf.h is:
/* begin */
1: #ifndef EXTCONF_H
2: #define EXTCONF_H
3: #define HAVE_RUBY_RE_H 1
4: #define HAVE_RUBY_ENCODING_H 1
5: #endif
/* end */

