"gcc -I../../../.ext/include/x86_64-darwin11.3.0 -I../../.././include -I../../.././ext/io/wait -I'/Users/tim/.rbenv/versions/1.9.3-libbug/include'  -D_XOPEN_SOURCE -D_DARWIN_C_SOURCE  -I'/Users/tim/.rbenv/versions/1.9.3-libbug/include'   -O3 -ggdb -Wextra -Wno-unused-parameter -Wno-parentheses -Wno-long-long -Wno-missing-field-initializers -Wpointer-arith -Wwrite-strings -Wdeclaration-after-statement -Wshorten-64-to-32 -Wimplicit-function-declaration  -pipe   -c conftest.c"
conftest.c:6:3: error: #error 
conftest.c:7: error: expected identifier or ‘(’ before ‘>>’ token
checked program was:
/* begin */
1: #include "ruby.h"
2: 
3: #include <ruby.h>
4: /*top*/
5: #ifndef DOSISH
6: # error
7: >>>>>> DOSISH undefined <<<<<<
8: #endif
/* end */

have_header: checking for sys/ioctl.h... -------------------- yes

"gcc -E -I../../../.ext/include/x86_64-darwin11.3.0 -I../../.././include -I../../.././ext/io/wait -I'/Users/tim/.rbenv/versions/1.9.3-libbug/include'  -D_XOPEN_SOURCE -D_DARWIN_C_SOURCE  -I'/Users/tim/.rbenv/versions/1.9.3-libbug/include'   -O3 -ggdb -Wextra -Wno-unused-parameter -Wno-parentheses -Wno-long-long -Wno-missing-field-initializers -Wpointer-arith -Wwrite-strings -Wdeclaration-after-statement -Wshorten-64-to-32 -Wimplicit-function-declaration  -pipe  conftest.c -o conftest.i"
checked program was:
/* begin */
1: #include "ruby.h"
2: 
3: #include <sys/ioctl.h>
/* end */

--------------------

have_macro: checking for FIONREAD in sys/ioctl.h,sys/ioctl.h... -------------------- yes

"gcc -I../../../.ext/include/x86_64-darwin11.3.0 -I../../.././include -I../../.././ext/io/wait -I'/Users/tim/.rbenv/versions/1.9.3-libbug/include'  -D_XOPEN_SOURCE -D_DARWIN_C_SOURCE  -I'/Users/tim/.rbenv/versions/1.9.3-libbug/include'   -O3 -ggdb -Wextra -Wno-unused-parameter -Wno-parentheses -Wno-long-long -Wno-missing-field-initializers -Wpointer-arith -Wwrite-strings -Wdeclaration-after-statement -Wshorten-64-to-32 -Wimplicit-function-declaration  -pipe   -c conftest.c"
checked program was:
/* begin */
1: #include "ruby.h"
2: 
3: #include <sys/ioctl.h>
4: #include <sys/ioctl.h>
5: /*top*/
6: #ifndef FIONREAD
7: # error
8: >>>>>> FIONREAD undefined <<<<<<
9: #endif
/* end */

--------------------

extconf.h is:
/* begin */
1: #ifndef EXTCONF_H
2: #define EXTCONF_H
3: #define HAVE_SYS_IOCTL_H 1
4: #define FIONREAD_HEADER <sys/ioctl.h>
5: #endif
/* end */

